Using pre-set license
Built from '2021.3/staging' branch; Version is '2021.3.18f1 (3129e69bc0c7) revision 3221990'; Using compiler version '192829333'; Build Type 'Release'
OS: 'Windows 10  (10.0.19045) 64bit CoreSingleLanguage' Language: 'ru' Physical Memory: 12240 MB
BatchMode: 1, IsHumanControllingUs: 0, StartBugReporterOnCrash: 0, Is64bit: 1, IsPro: 1

COMMAND LINE ARGUMENTS:
C:\Program Files\Unity\Hub\Editor\2021.3.18f1\Editor\Unity.exe
-adb2
-batchMode
-noUpm
-name
AssetImportWorker0
-projectPath
C:/Users/Admin/Castles zone
-logFile
Logs/AssetImportWorker0.log
-srvPort
51773
Successfully changed project path to: C:/Users/Admin/Castles zone
C:/Users/Admin/Castles zone
[UnityMemory] Configuration Parameters - Can be set up in boot.config
    "memorysetup-bucket-allocator-granularity=16"
    "memorysetup-bucket-allocator-bucket-count=8"
    "memorysetup-bucket-allocator-block-size=33554432"
    "memorysetup-bucket-allocator-block-count=8"
    "memorysetup-main-allocator-block-size=16777216"
    "memorysetup-thread-allocator-block-size=16777216"
    "memorysetup-gfx-main-allocator-block-size=16777216"
    "memorysetup-gfx-thread-allocator-block-size=16777216"
    "memorysetup-cache-allocator-block-size=4194304"
    "memorysetup-typetree-allocator-block-size=2097152"
    "memorysetup-profiler-bucket-allocator-granularity=16"
    "memorysetup-profiler-bucket-allocator-bucket-count=8"
    "memorysetup-profiler-bucket-allocator-block-size=33554432"
    "memorysetup-profiler-bucket-allocator-block-count=8"
    "memorysetup-profiler-allocator-block-size=16777216"
    "memorysetup-profiler-editor-allocator-block-size=1048576"
    "memorysetup-temp-allocator-size-main=16777216"
    "memorysetup-job-temp-allocator-block-size=2097152"
    "memorysetup-job-temp-allocator-block-size-background=1048576"
    "memorysetup-job-temp-allocator-reduction-small-platforms=262144"
    "memorysetup-temp-allocator-size-background-worker=32768"
    "memorysetup-temp-allocator-size-job-worker=262144"
    "memorysetup-temp-allocator-size-preload-manager=33554432"
    "memorysetup-temp-allocator-size-nav-mesh-worker=65536"
    "memorysetup-temp-allocator-size-audio-worker=65536"
    "memorysetup-temp-allocator-size-cloud-worker=32768"
    "memorysetup-temp-allocator-size-gi-baking-worker=262144"
    "memorysetup-temp-allocator-size-gfx=262144"
Player connection [14148] Host "[IP] 192.168.56.1 [Port] 0 [Flags] 2 [Guid] 3679585292 [EditorId] 3679585292 [Version] 1048832 [Id] WindowsEditor(7,DESKTOP-SOUTIFD) [Debug] 1 [PackageName] WindowsEditor [ProjectName] Editor" joined multi-casting on [225.0.0.222:54997]...

Player connection [14148] Host "[IP] 192.168.56.1 [Port] 0 [Flags] 2 [Guid] 3679585292 [EditorId] 3679585292 [Version] 1048832 [Id] WindowsEditor(7,DESKTOP-SOUTIFD) [Debug] 1 [PackageName] WindowsEditor [ProjectName] Editor" joined alternative multi-casting on [225.0.0.222:34997]...

Refreshing native plugins compatible for Editor in 115.92 ms, found 3 plugins.
Preloading 0 native plugins for Editor in 0.00 ms.
Initialize engine version: 2021.3.18f1 (3129e69bc0c7)
[Subsystems] Discovering subsystems at path C:/Program Files/Unity/Hub/Editor/2021.3.18f1/Editor/Data/Resources/UnitySubsystems
[Subsystems] Discovering subsystems at path C:/Users/Admin/Castles zone/Assets
GfxDevice: creating device client; threaded=0; jobified=0
Direct3D:
    Version:  Direct3D 11.0 [level 11.1]
    Renderer: NVIDIA GeForce GTX 1060 (ID=0x1c60)
    Vendor:   NVIDIA
    VRAM:     6052 MB
    Driver:   27.21.14.5167
Initialize mono
Mono path[0] = 'C:/Program Files/Unity/Hub/Editor/2021.3.18f1/Editor/Data/Managed'
Mono path[1] = 'C:/Program Files/Unity/Hub/Editor/2021.3.18f1/Editor/Data/MonoBleedingEdge/lib/mono/unityjit-win32'
Mono config path = 'C:/Program Files/Unity/Hub/Editor/2021.3.18f1/Editor/Data/MonoBleedingEdge/etc'
Using monoOptions --debugger-agent=transport=dt_socket,embedding=1,server=y,suspend=n,address=127.0.0.1:56576
Begin MonoManager ReloadAssembly
Registering precompiled unity dll's ...
Register platform support module: C:/Program Files/Unity/Hub/Editor/2021.3.18f1/Editor/Data/PlaybackEngines/WindowsStandaloneSupport/UnityEditor.WindowsStandalone.Extensions.dll
Registered in 0.009302 seconds.
Native extension for WindowsStandalone target not found
Refreshing native plugins compatible for Editor in 102.20 ms, found 3 plugins.
Preloading 0 native plugins for Editor in 0.00 ms.
Mono: successfully reloaded assembly
- Completed reload, in  0.834 seconds
Domain Reload Profiling:
	ReloadAssembly (834ms)
		BeginReloadAssembly (100ms)
			ExecutionOrderSort (0ms)
			DisableScriptedObjects (0ms)
			BackupInstance (0ms)
			ReleaseScriptingObjects (0ms)
			CreateAndSetChildDomain (1ms)
		EndReloadAssembly (578ms)
			LoadAssemblies (97ms)
			RebuildTransferFunctionScriptingTraits (0ms)
			SetupTypeCache (161ms)
			ReleaseScriptCaches (0ms)
			RebuildScriptCaches (39ms)
			SetupLoadedEditorAssemblies (316ms)
				LogAssemblyErrors (0ms)
				InitializePlatformSupportModulesInManaged (11ms)
				SetLoadedEditorAssemblies (0ms)
				RefreshPlugins (102ms)
				BeforeProcessingInitializeOnLoad (1ms)
				ProcessInitializeOnLoadAttributes (145ms)
				ProcessInitializeOnLoadMethodAttributes (56ms)
				AfterProcessingInitializeOnLoad (0ms)
				EditorAssembliesLoaded (0ms)
			ExecutionOrderSort2 (0ms)
			AwakeInstancesAfterBackupRestoration (0ms)
Platform modules already initialized, skipping
Registering precompiled user dll's ...
Registered in 0.006747 seconds.
Begin MonoManager ReloadAssembly
Symbol file LoadedFromMemory doesn't match image C:\Users\Admin\Castles zone\Library\PackageCache\com.unity.visualscripting@1.8.0\Editor\VisualScripting.Core\Dependencies\YamlDotNet\Unity.VisualScripting.YamlDotNet.dll
Symbol file LoadedFromMemory doesn't match image C:\Users\Admin\Castles zone\Library\PackageCache\com.unity.visualscripting@1.8.0\Editor\VisualScripting.Core\Dependencies\DotNetZip\Unity.VisualScripting.IonicZip.dll
Native extension for WindowsStandalone target not found
Refreshing native plugins compatible for Editor in 0.62 ms, found 3 plugins.
Preloading 0 native plugins for Editor in 0.00 ms.
Mono: successfully reloaded assembly
- Completed reload, in  1.265 seconds
Domain Reload Profiling:
	ReloadAssembly (1266ms)
		BeginReloadAssembly (138ms)
			ExecutionOrderSort (0ms)
			DisableScriptedObjects (7ms)
			BackupInstance (0ms)
			ReleaseScriptingObjects (0ms)
			CreateAndSetChildDomain (25ms)
		EndReloadAssembly (974ms)
			LoadAssemblies (97ms)
			RebuildTransferFunctionScriptingTraits (0ms)
			SetupTypeCache (336ms)
			ReleaseScriptCaches (1ms)
			RebuildScriptCaches (64ms)
			SetupLoadedEditorAssemblies (428ms)
				LogAssemblyErrors (0ms)
				InitializePlatformSupportModulesInManaged (7ms)
				SetLoadedEditorAssemblies (1ms)
				RefreshPlugins (1ms)
				BeforeProcessingInitializeOnLoad (108ms)
				ProcessInitializeOnLoadAttributes (276ms)
				ProcessInitializeOnLoadMethodAttributes (26ms)
				AfterProcessingInitializeOnLoad (10ms)
				EditorAssembliesLoaded (0ms)
			ExecutionOrderSort2 (0ms)
			AwakeInstancesAfterBackupRestoration (9ms)
Platform modules already initialized, skipping
========================================================================
Worker process is ready to serve import requests
Launched and connected shader compiler UnityShaderCompiler.exe after 0.06 seconds
Refreshing native plugins compatible for Editor in 0.64 ms, found 3 plugins.
Preloading 0 native plugins for Editor in 0.00 ms.
Unloading 3048 Unused Serialized files (Serialized files now loaded: 0)
Unloading 24 unused Assets / (113.8 KB). Loaded Objects now: 3508.
Memory consumption went from 107.4 MB to 107.3 MB.
Total: 4.901700 ms (FindLiveObjects: 0.469700 ms CreateObjectMapping: 0.302700 ms MarkObjects: 3.987400 ms  DeleteObjects: 0.140600 ms)

AssetImportParameters requested are different than current active one (requested -> active):
  custom:video-decoder-ogg-theora: a1e56fd34408186e4bbccfd4996cb3dc -> 
  custom:container-muxer-webm: aa71ff27fc2769a1b78a27578f13a17b -> 
  custom:container-demuxer-webm: 4f35f7cbe854078d1ac9338744f61a02 -> 
  custom:video-encoder-webm-vp8: eb34c28f22e8b96e1ab97ce403110664 -> 
  custom:audio-encoder-webm-vorbis: bf7c407c2cedff20999df2af8eb42d56 -> 
  custom:framework-win-MediaFoundation: 216162199b28c13a410421893ffa2e32 -> 
  custom:container-demuxer-ogg: 62fdf1f143b41e24485cea50d1cbac27 -> 
  custom:video-decoder-webm-vp8: 9c59270c3fd7afecdb556c50c9e8de78 -> 
  custom:audio-decoder-ogg-vorbis: bf7c407c2cedff20999df2af8eb42d56 -> 
========================================================================
Received Import Request.
  Time since last request: 906835.024467 seconds.
  path: Assets/Scenes
  artifactKey: Guid(6ea315d0fd7389c41b19996891e99ae3) Importer(815301076,1909f56bfc062723c751e8b465ee728b)
Start importing Assets/Scenes using Guid(6ea315d0fd7389c41b19996891e99ae3) Importer(815301076,1909f56bfc062723c751e8b465ee728b)  -> (artifact id: 'b8193726cff86800c54781cdc6d54904') in 0.018597 seconds 
========================================================================
Received Import Request.
  Time since last request: 12.487653 seconds.
  path: Assets/Scenes/M3Scene.unity
  artifactKey: Guid(8027baa16f6bef740bee936427cff511) Importer(815301076,1909f56bfc062723c751e8b465ee728b)
Start importing Assets/Scenes/M3Scene.unity using Guid(8027baa16f6bef740bee936427cff511) Importer(815301076,1909f56bfc062723c751e8b465ee728b)  -> (artifact id: '5d443314f75d881aeadd669962f54a83') in 0.013964 seconds 
========================================================================
Received Import Request.
  Time since last request: 2.160100 seconds.
  path: Assets/Scenes/SampleScene.unity
  artifactKey: Guid(9fc0d4010bbf28b4594072e72b8655ab) Importer(815301076,1909f56bfc062723c751e8b465ee728b)
Start importing Assets/Scenes/SampleScene.unity using Guid(9fc0d4010bbf28b4594072e72b8655ab) Importer(815301076,1909f56bfc062723c751e8b465ee728b)  -> (artifact id: '55953f0e06e6d4d35131ce372b5066fa') in 0.012284 seconds 
========================================================================
Received Import Request.
  Time since last request: 228.156975 seconds.
  path: Assets/Triple Dungeon Pack/Blue Dungeon
  artifactKey: Guid(d9c4f18600d7fac4b803d2ee8fb24c16) Importer(815301076,1909f56bfc062723c751e8b465ee728b)
Start importing Assets/Triple Dungeon Pack/Blue Dungeon using Guid(d9c4f18600d7fac4b803d2ee8fb24c16) Importer(815301076,1909f56bfc062723c751e8b465ee728b)  -> (artifact id: '762242a37bc05453cc7af9748d68ae24') in 0.012526 seconds 
========================================================================
Received Import Request.
  Time since last request: 0.064085 seconds.
  path: Assets/Triple Dungeon Pack/Blue Dungeon/blue_dungeon.fbx
  artifactKey: Guid(4e15996ba1e2f4b4392985ef6ac6b27c) Importer(815301076,1909f56bfc062723c751e8b465ee728b)
Start importing Assets/Triple Dungeon Pack/Blue Dungeon/blue_dungeon.fbx using Guid(4e15996ba1e2f4b4392985ef6ac6b27c) Importer(815301076,1909f56bfc062723c751e8b465ee728b)  -> (artifact id: '9e080f2764161e9f8211543ae6a846f8') in 0.677064 seconds 
========================================================================
Received Import Request.
  Time since last request: 0.975694 seconds.
  path: Assets/Triple Dungeon Pack/Blue Dungeon/Demo Blue.unity
  artifactKey: Guid(6121371ee5e49ba4b94976094f280b7f) Importer(815301076,1909f56bfc062723c751e8b465ee728b)
Start importing Assets/Triple Dungeon Pack/Blue Dungeon/Demo Blue.unity using Guid(6121371ee5e49ba4b94976094f280b7f) Importer(815301076,1909f56bfc062723c751e8b465ee728b)  -> (artifact id: 'a7f70d5c4ad7804305c050e00c490737') in 0.012100 seconds 
========================================================================
Received Prepare
Registering precompiled user dll's ...
Registered in 0.007105 seconds.
Begin MonoManager ReloadAssembly
Symbol file LoadedFromMemory doesn't match image C:\Users\Admin\Castles zone\Library\PackageCache\com.unity.visualscripting@1.8.0\Editor\VisualScripting.Core\Dependencies\YamlDotNet\Unity.VisualScripting.YamlDotNet.dll
Symbol file LoadedFromMemory doesn't match image C:\Users\Admin\Castles zone\Library\PackageCache\com.unity.visualscripting@1.8.0\Editor\VisualScripting.Core\Dependencies\DotNetZip\Unity.VisualScripting.IonicZip.dll
Native extension for WindowsStandalone target not found
Refreshing native plugins compatible for Editor in 1.01 ms, found 3 plugins.
Preloading 0 native plugins for Editor in 0.00 ms.
Mono: successfully reloaded assembly
- Completed reload, in  1.669 seconds
Domain Reload Profiling:
	ReloadAssembly (1670ms)
		BeginReloadAssembly (173ms)
			ExecutionOrderSort (0ms)
			DisableScriptedObjects (6ms)
			BackupInstance (0ms)
			ReleaseScriptingObjects (0ms)
			CreateAndSetChildDomain (45ms)
		EndReloadAssembly (1348ms)
			LoadAssemblies (105ms)
			RebuildTransferFunctionScriptingTraits (0ms)
			SetupTypeCache (501ms)
			ReleaseScriptCaches (2ms)
			RebuildScriptCaches (99ms)
			SetupLoadedEditorAssemblies (553ms)
				LogAssemblyErrors (0ms)
				InitializePlatformSupportModulesInManaged (23ms)
				SetLoadedEditorAssemblies (1ms)
				RefreshPlugins (1ms)
				BeforeProcessingInitializeOnLoad (125ms)
				ProcessInitializeOnLoadAttributes (351ms)
				ProcessInitializeOnLoadMethodAttributes (35ms)
				AfterProcessingInitializeOnLoad (16ms)
				EditorAssembliesLoaded (0ms)
			ExecutionOrderSort2 (0ms)
			AwakeInstancesAfterBackupRestoration (14ms)
Platform modules already initialized, skipping
Refreshing native plugins compatible for Editor in 2.79 ms, found 3 plugins.
Preloading 0 native plugins for Editor in 0.00 ms.
Unloading 3043 Unused Serialized files (Serialized files now loaded: 0)
Unloading 17 unused Assets / (80.2 KB). Loaded Objects now: 3522.
Memory consumption went from 112.0 MB to 111.9 MB.
Total: 4.134400 ms (FindLiveObjects: 0.385200 ms CreateObjectMapping: 0.234600 ms MarkObjects: 3.416500 ms  DeleteObjects: 0.096700 ms)

AssetImportParameters requested are different than current active one (requested -> active):
  custom:video-decoder-ogg-theora: a1e56fd34408186e4bbccfd4996cb3dc -> 
  custom:container-muxer-webm: aa71ff27fc2769a1b78a27578f13a17b -> 
  custom:container-demuxer-webm: 4f35f7cbe854078d1ac9338744f61a02 -> 
  custom:video-encoder-webm-vp8: eb34c28f22e8b96e1ab97ce403110664 -> 
  custom:audio-encoder-webm-vorbis: bf7c407c2cedff20999df2af8eb42d56 -> 
  custom:framework-win-MediaFoundation: 216162199b28c13a410421893ffa2e32 -> 
  custom:container-demuxer-ogg: 62fdf1f143b41e24485cea50d1cbac27 -> 
  custom:video-decoder-webm-vp8: 9c59270c3fd7afecdb556c50c9e8de78 -> 
  custom:audio-decoder-ogg-vorbis: bf7c407c2cedff20999df2af8eb42d56 -> 
========================================================================
Received Import Request.
  Time since last request: 71.665820 seconds.
  path: Assets/New Folder
  artifactKey: Guid(153b0d1145db46a48a814562a036e3de) Importer(815301076,1909f56bfc062723c751e8b465ee728b)
Start importing Assets/New Folder using Guid(153b0d1145db46a48a814562a036e3de) Importer(815301076,1909f56bfc062723c751e8b465ee728b)  -> (artifact id: '5da297ab71397ed02ed891861ef11a8d') in 0.017368 seconds 
========================================================================
Received Import Request.
  Time since last request: 20.056601 seconds.
  path: Assets/Castel zone
  artifactKey: Guid(153b0d1145db46a48a814562a036e3de) Importer(815301076,1909f56bfc062723c751e8b465ee728b)
Start importing Assets/Castel zone using Guid(153b0d1145db46a48a814562a036e3de) Importer(815301076,1909f56bfc062723c751e8b465ee728b)  -> (artifact id: '99e369e5b30aab8494f5fa8677eab787') in 0.010597 seconds 
========================================================================
Received Import Request.
  Time since last request: 44.204903 seconds.
  path: Assets/Triple Dungeon Pack/Blue Dungeon/Materials/blue dungeon.mat
  artifactKey: Guid(750eba4470988264692cdc72d2326ecb) Importer(815301076,1909f56bfc062723c751e8b465ee728b)
Start importing Assets/Triple Dungeon Pack/Blue Dungeon/Materials/blue dungeon.mat using Guid(750eba4470988264692cdc72d2326ecb) Importer(815301076,1909f56bfc062723c751e8b465ee728b)  -> (artifact id: '6361c324f21050fde029e0d61d5ecc9f') in 0.112673 seconds 
========================================================================
Received Import Request.
  Time since last request: 8.345209 seconds.
  path: Assets/Triple Dungeon Pack/Blue Dungeon/prefabs/decorations/candle_1.prefab
  artifactKey: Guid(63fe838a00d2c564ab656774a6831ca8) Importer(815301076,1909f56bfc062723c751e8b465ee728b)
Start importing Assets/Triple Dungeon Pack/Blue Dungeon/prefabs/decorations/candle_1.prefab using Guid(63fe838a00d2c564ab656774a6831ca8) Importer(815301076,1909f56bfc062723c751e8b465ee728b)  -> (artifact id: '0ee7dbe82832b8c752028f5aad69dbc1') in 0.046893 seconds 
========================================================================
Received Import Request.
  Time since last request: 0.000034 seconds.
  path: Assets/Triple Dungeon Pack/Blue Dungeon/prefabs/decorations/vase_1.prefab
  artifactKey: Guid(2585150f9874d874a8a49784f3b91b0d) Importer(815301076,1909f56bfc062723c751e8b465ee728b)
Start importing Assets/Triple Dungeon Pack/Blue Dungeon/prefabs/decorations/vase_1.prefab using Guid(2585150f9874d874a8a49784f3b91b0d) Importer(815301076,1909f56bfc062723c751e8b465ee728b)  -> (artifact id: 'bba2118e1027148221b25992ed44b971') in 0.022586 seconds 
========================================================================
Received Import Request.
  Time since last request: 0.000035 seconds.
  path: Assets/Triple Dungeon Pack/Blue Dungeon/prefabs/decorations/vase_2.prefab
  artifactKey: Guid(d5204fad194f4c14fbc275a63ff2c613) Importer(815301076,1909f56bfc062723c751e8b465ee728b)
Start importing Assets/Triple Dungeon Pack/Blue Dungeon/prefabs/decorations/vase_2.prefab using Guid(d5204fad194f4c14fbc275a63ff2c613) Importer(815301076,1909f56bfc062723c751e8b465ee728b)  -> (artifact id: '5ee2aabdf8fe2e5287275be1849e38df') in 0.025508 seconds 
========================================================================
Received Import Request.
  Time since last request: 0.000021 seconds.
  path: Assets/Triple Dungeon Pack/Blue Dungeon/prefabs/decorations/fire_cup_1.prefab
  artifactKey: Guid(994639c8f88d6a1448fb2ac40fe22ce4) Importer(815301076,1909f56bfc062723c751e8b465ee728b)
Start importing Assets/Triple Dungeon Pack/Blue Dungeon/prefabs/decorations/fire_cup_1.prefab using Guid(994639c8f88d6a1448fb2ac40fe22ce4) Importer(815301076,1909f56bfc062723c751e8b465ee728b)  -> (artifact id: 'b097b67adc32ecc30fadbc6b44d07737') in 0.025391 seconds 
========================================================================
Received Import Request.
  Time since last request: 0.000022 seconds.
  path: Assets/Triple Dungeon Pack/Blue Dungeon/prefabs/decorations/table.prefab
  artifactKey: Guid(4507003633afb764dbe083265373544a) Importer(815301076,1909f56bfc062723c751e8b465ee728b)
Start importing Assets/Triple Dungeon Pack/Blue Dungeon/prefabs/decorations/table.prefab using Guid(4507003633afb764dbe083265373544a) Importer(815301076,1909f56bfc062723c751e8b465ee728b)  -> (artifact id: '94ee5424d07319133209355e007f5af6') in 0.019774 seconds 
========================================================================
Received Import Request.
  Time since last request: 0.000023 seconds.
  path: Assets/Triple Dungeon Pack/Blue Dungeon/prefabs/decorations/fire_cup_base.prefab
  artifactKey: Guid(42cb403d8c1fc544c99a63edfa93463e) Importer(815301076,1909f56bfc062723c751e8b465ee728b)
Start importing Assets/Triple Dungeon Pack/Blue Dungeon/prefabs/decorations/fire_cup_base.prefab using Guid(42cb403d8c1fc544c99a63edfa93463e) Importer(815301076,1909f56bfc062723c751e8b465ee728b)  -> (artifact id: 'a946089a34e7d14017d5f191244a3f5b') in 0.022711 seconds 
========================================================================
Received Import Request.
  Time since last request: 0.000022 seconds.
  path: Assets/Triple Dungeon Pack/Blue Dungeon/prefabs/decorations/vase_3.prefab
  artifactKey: Guid(1f7bd7a0d72743b4181c28af4b82c3d5) Importer(815301076,1909f56bfc062723c751e8b465ee728b)
Start importing Assets/Triple Dungeon Pack/Blue Dungeon/prefabs/decorations/vase_3.prefab using Guid(1f7bd7a0d72743b4181c28af4b82c3d5) Importer(815301076,1909f56bfc062723c751e8b465ee728b)  -> (artifact id: 'eb94bbd3abf9103c7eb8835d50793c5b') in 0.023849 seconds 
========================================================================
Received Import Request.
  Time since last request: 0.000024 seconds.
  path: Assets/Triple Dungeon Pack/Blue Dungeon/prefabs/decorations/chest_base.prefab
  artifactKey: Guid(09c12bbc62e3ed148859f20022ea163d) Importer(815301076,1909f56bfc062723c751e8b465ee728b)
Start importing Assets/Triple Dungeon Pack/Blue Dungeon/prefabs/decorations/chest_base.prefab using Guid(09c12bbc62e3ed148859f20022ea163d) Importer(815301076,1909f56bfc062723c751e8b465ee728b)  -> (artifact id: 'ecf98e60ea46e702457fb2334f3131eb') in 0.025040 seconds 
========================================================================
Received Import Request.
  Time since last request: 0.782966 seconds.
  path: Assets/Triple Dungeon Pack/Blue Dungeon/prefabs/ground_stairs/ground-1-1.prefab
  artifactKey: Guid(958c539e6f5b3da4e988c157ff999d76) Importer(815301076,1909f56bfc062723c751e8b465ee728b)
Start importing Assets/Triple Dungeon Pack/Blue Dungeon/prefabs/ground_stairs/ground-1-1.prefab using Guid(958c539e6f5b3da4e988c157ff999d76) Importer(815301076,1909f56bfc062723c751e8b465ee728b)  -> (artifact id: 'fe4804a7ce2ed02424b72f71ba002a7d') in 0.024725 seconds 
========================================================================
Received Import Request.
  Time since last request: 0.000044 seconds.
  path: Assets/Triple Dungeon Pack/Blue Dungeon/prefabs/ground_stairs/ground_12.prefab
  artifactKey: Guid(bd6f5d665b09d444c9509853346c1237) Importer(815301076,1909f56bfc062723c751e8b465ee728b)
Start importing Assets/Triple Dungeon Pack/Blue Dungeon/prefabs/ground_stairs/ground_12.prefab using Guid(bd6f5d665b09d444c9509853346c1237) Importer(815301076,1909f56bfc062723c751e8b465ee728b)  -> (artifact id: '3161a0e2a0dd808b4f18c97d7c461a80') in 0.028718 seconds 
========================================================================
Received Import Request.
  Time since last request: 0.000047 seconds.
  path: Assets/Triple Dungeon Pack/Blue Dungeon/prefabs/ground_stairs/ground_13.prefab
  artifactKey: Guid(429fe0ad9518a524bb17efc46b496305) Importer(815301076,1909f56bfc062723c751e8b465ee728b)
Start importing Assets/Triple Dungeon Pack/Blue Dungeon/prefabs/ground_stairs/ground_13.prefab using Guid(429fe0ad9518a524bb17efc46b496305) Importer(815301076,1909f56bfc062723c751e8b465ee728b)  -> (artifact id: '53a35454afff6ac0fa44a11c62365941') in 0.024133 seconds 
========================================================================
Received Import Request.
  Time since last request: 0.000039 seconds.
  path: Assets/Triple Dungeon Pack/Blue Dungeon/prefabs/ground_stairs/ground_7.prefab
  artifactKey: Guid(74f3126c201736a469c0797cf65444b9) Importer(815301076,1909f56bfc062723c751e8b465ee728b)
Start importing Assets/Triple Dungeon Pack/Blue Dungeon/prefabs/ground_stairs/ground_7.prefab using Guid(74f3126c201736a469c0797cf65444b9) Importer(815301076,1909f56bfc062723c751e8b465ee728b)  -> (artifact id: 'b8d256cc13008cf45d7c1f7856f8f144') in 0.027782 seconds 
========================================================================
Received Import Request.
  Time since last request: 0.000040 seconds.
  path: Assets/Triple Dungeon Pack/Blue Dungeon/prefabs/ground_stairs/ground-2_corner.prefab
  artifactKey: Guid(09a02935dd575a4448deb91ce0185c2b) Importer(815301076,1909f56bfc062723c751e8b465ee728b)
Start importing Assets/Triple Dungeon Pack/Blue Dungeon/prefabs/ground_stairs/ground-2_corner.prefab using Guid(09a02935dd575a4448deb91ce0185c2b) Importer(815301076,1909f56bfc062723c751e8b465ee728b)  -> (artifact id: 'dc624647aeef07984a4d74823725bf18') in 0.025257 seconds 
========================================================================
Received Import Request.
  Time since last request: 0.000024 seconds.
  path: Assets/Triple Dungeon Pack/Blue Dungeon/prefabs/ground_stairs/ground-2.prefab
  artifactKey: Guid(03522bb5dd98b2b49b21ea6c9516b2d3) Importer(815301076,1909f56bfc062723c751e8b465ee728b)
Start importing Assets/Triple Dungeon Pack/Blue Dungeon/prefabs/ground_stairs/ground-2.prefab using Guid(03522bb5dd98b2b49b21ea6c9516b2d3) Importer(815301076,1909f56bfc062723c751e8b465ee728b)  -> (artifact id: '9f8572cef9814e362547f24fb89fc98a') in 0.026626 seconds 
========================================================================
Received Import Request.
  Time since last request: 0.000025 seconds.
  path: Assets/Triple Dungeon Pack/Blue Dungeon/prefabs/ground_stairs/ground_1.prefab
  artifactKey: Guid(94cdfadae0c50374cbc28325b389c1f7) Importer(815301076,1909f56bfc062723c751e8b465ee728b)
Start importing Assets/Triple Dungeon Pack/Blue Dungeon/prefabs/ground_stairs/ground_1.prefab using Guid(94cdfadae0c50374cbc28325b389c1f7) Importer(815301076,1909f56bfc062723c751e8b465ee728b)  -> (artifact id: 'b95e8e326120a1d4b5077ede773deae3') in 0.023079 seconds 
========================================================================
Received Import Request.
  Time since last request: 0.000026 seconds.
  path: Assets/Triple Dungeon Pack/Blue Dungeon/prefabs/ground_stairs/ground_8.prefab
  artifactKey: Guid(469b046fd92c69c4fb1f98c2eeff2b14) Importer(815301076,1909f56bfc062723c751e8b465ee728b)
Start importing Assets/Triple Dungeon Pack/Blue Dungeon/prefabs/ground_stairs/ground_8.prefab using Guid(469b046fd92c69c4fb1f98c2eeff2b14) Importer(815301076,1909f56bfc062723c751e8b465ee728b)  -> (artifact id: '7db7c53f1dbd19231b95fe6d3e6577fb') in 0.026322 seconds 
========================================================================
Received Import Request.
  Time since last request: 0.000025 seconds.
  path: Assets/Triple Dungeon Pack/Blue Dungeon/prefabs/ground_stairs/ground_4.prefab
  artifactKey: Guid(bb21e2bab61fc5f4fa6b57ec41ae68a8) Importer(815301076,1909f56bfc062723c751e8b465ee728b)
Start importing Assets/Triple Dungeon Pack/Blue Dungeon/prefabs/ground_stairs/ground_4.prefab using Guid(bb21e2bab61fc5f4fa6b57ec41ae68a8) Importer(815301076,1909f56bfc062723c751e8b465ee728b)  -> (artifact id: 'a9b1371d49465aaf01c9ddb47c387c28') in 0.025938 seconds 
========================================================================
Received Import Request.
  Time since last request: 0.000035 seconds.
  path: Assets/Triple Dungeon Pack/Blue Dungeon/prefabs/ground_stairs/ground-1-3.prefab
  artifactKey: Guid(15c4fcafa28bf2740b9e786073e133a9) Importer(815301076,1909f56bfc062723c751e8b465ee728b)
Start importing Assets/Triple Dungeon Pack/Blue Dungeon/prefabs/ground_stairs/ground-1-3.prefab using Guid(15c4fcafa28bf2740b9e786073e133a9) Importer(815301076,1909f56bfc062723c751e8b465ee728b)  -> (artifact id: 'd8cac18b5d01dd3a189964e85481f4ba') in 0.025301 seconds 
========================================================================
Received Import Request.
  Time since last request: 0.000029 seconds.
  path: Assets/Triple Dungeon Pack/Blue Dungeon/prefabs/ground_stairs/ground_10.prefab
  artifactKey: Guid(535663757d8855d4583cc51b3150834b) Importer(815301076,1909f56bfc062723c751e8b465ee728b)
Start importing Assets/Triple Dungeon Pack/Blue Dungeon/prefabs/ground_stairs/ground_10.prefab using Guid(535663757d8855d4583cc51b3150834b) Importer(815301076,1909f56bfc062723c751e8b465ee728b)  -> (artifact id: '15a5b9dfab9a6dbf7d65cda77b014d42') in 0.028000 seconds 
========================================================================
Received Import Request.
  Time since last request: 0.658639 seconds.
  path: Assets/Triple Dungeon Pack/Blue Dungeon/prefabs/particles/fire particle blue.prefab
  artifactKey: Guid(45a0f0d35d74a804189dd88b632faa41) Importer(815301076,1909f56bfc062723c751e8b465ee728b)
Start importing Assets/Triple Dungeon Pack/Blue Dungeon/prefabs/particles/fire particle blue.prefab using Guid(45a0f0d35d74a804189dd88b632faa41) Importer(815301076,1909f56bfc062723c751e8b465ee728b)  -> (artifact id: '221ed9cb2f661bf9b007095491d41f85') in 0.049418 seconds 
========================================================================
Received Import Request.
  Time since last request: 0.416434 seconds.
  path: Assets/Triple Dungeon Pack/Blue Dungeon/prefabs/walls/arch.prefab
  artifactKey: Guid(a47598e6e09d5ef449907751bebf40ba) Importer(815301076,1909f56bfc062723c751e8b465ee728b)
Start importing Assets/Triple Dungeon Pack/Blue Dungeon/prefabs/walls/arch.prefab using Guid(a47598e6e09d5ef449907751bebf40ba) Importer(815301076,1909f56bfc062723c751e8b465ee728b)  -> (artifact id: 'f71a26a76f5c3b81abf635e236e01a47') in 0.024697 seconds 
========================================================================
Received Import Request.
  Time since last request: 0.000027 seconds.
  path: Assets/Triple Dungeon Pack/Blue Dungeon/prefabs/walls/pylon_2.prefab
  artifactKey: Guid(953e0f2bf52ed6b44a5e2a48d3ed4d63) Importer(815301076,1909f56bfc062723c751e8b465ee728b)
Start importing Assets/Triple Dungeon Pack/Blue Dungeon/prefabs/walls/pylon_2.prefab using Guid(953e0f2bf52ed6b44a5e2a48d3ed4d63) Importer(815301076,1909f56bfc062723c751e8b465ee728b)  -> (artifact id: '5ed1e6ae27f60c08e37bef2538466073') in 0.028776 seconds 
========================================================================
Received Import Request.
  Time since last request: 0.000036 seconds.
  path: Assets/Triple Dungeon Pack/Blue Dungeon/prefabs/walls/pylon_1.prefab
  artifactKey: Guid(dd83a30ea4459a8449330dd3728186ee) Importer(815301076,1909f56bfc062723c751e8b465ee728b)
Start importing Assets/Triple Dungeon Pack/Blue Dungeon/prefabs/walls/pylon_1.prefab using Guid(dd83a30ea4459a8449330dd3728186ee) Importer(815301076,1909f56bfc062723c751e8b465ee728b)  -> (artifact id: '258e8708483ff96c919be21d1ad0281e') in 0.029232 seconds 
========================================================================
Received Import Request.
  Time since last request: 0.000028 seconds.
  path: Assets/Triple Dungeon Pack/Blue Dungeon/prefabs/walls/wall2.prefab
  artifactKey: Guid(a578ee0f8198a4d43909700c19cbf82d) Importer(815301076,1909f56bfc062723c751e8b465ee728b)
Start importing Assets/Triple Dungeon Pack/Blue Dungeon/prefabs/walls/wall2.prefab using Guid(a578ee0f8198a4d43909700c19cbf82d) Importer(815301076,1909f56bfc062723c751e8b465ee728b)  -> (artifact id: '79c861486a7f954066e7ae94663c3824') in 0.027267 seconds 
========================================================================
Received Import Request.
  Time since last request: 1.978680 seconds.
  path: Assets/Triple Dungeon Pack/Blue Dungeon/textures/blue dungeonTexture.png
  artifactKey: Guid(3ef4abbc10465f24487f7d0b21426aff) Importer(815301076,1909f56bfc062723c751e8b465ee728b)
Start importing Assets/Triple Dungeon Pack/Blue Dungeon/textures/blue dungeonTexture.png using Guid(3ef4abbc10465f24487f7d0b21426aff) Importer(815301076,1909f56bfc062723c751e8b465ee728b)  -> (artifact id: 'a21065a5ff72d283dea09ee6adba0ec3') in 0.048447 seconds 
========================================================================
Received Import Request.
  Time since last request: 18.928382 seconds.
  path: Assets/Triple Dungeon Pack/Blue Dungeon/blue dungeon_ReadMe.txt
  artifactKey: Guid(a764d68031de2c544bcb296cf00cba2f) Importer(815301076,1909f56bfc062723c751e8b465ee728b)
Start importing Assets/Triple Dungeon Pack/Blue Dungeon/blue dungeon_ReadMe.txt using Guid(a764d68031de2c544bcb296cf00cba2f) Importer(815301076,1909f56bfc062723c751e8b465ee728b)  -> (artifact id: '2d4ffd223257abff9648190599987737') in 0.020728 seconds 
========================================================================
Received Import Request.
  Time since last request: 6.540027 seconds.
  path: Assets/Castel zone main folder/textures
  artifactKey: Guid(60c4a676903d88a44ba53612f0eaa01b) Importer(815301076,1909f56bfc062723c751e8b465ee728b)
Start importing Assets/Castel zone main folder/textures using Guid(60c4a676903d88a44ba53612f0eaa01b) Importer(815301076,1909f56bfc062723c751e8b465ee728b)  -> (artifact id: 'e9b8fdcf342e9695c1be12ca17ecdcfb') in 0.012851 seconds 
========================================================================
Received Import Request.
  Time since last request: 0.470274 seconds.
  path: Assets/Castel zone main folder/Zombie
  artifactKey: Guid(844ed430494313c448ba928c281ba9af) Importer(815301076,1909f56bfc062723c751e8b465ee728b)
Start importing Assets/Castel zone main folder/Zombie using Guid(844ed430494313c448ba928c281ba9af) Importer(815301076,1909f56bfc062723c751e8b465ee728b)  -> (artifact id: '58e76c0d1c90ba1cfac0fd667ee2d666') in 0.011530 seconds 
========================================================================
Received Import Request.
  Time since last request: 2.526366 seconds.
  path: Assets/Castel zone main folder/prefabs
  artifactKey: Guid(1bace09ab9333e34b8793ac1cbf248ea) Importer(815301076,1909f56bfc062723c751e8b465ee728b)
Start importing Assets/Castel zone main folder/prefabs using Guid(1bace09ab9333e34b8793ac1cbf248ea) Importer(815301076,1909f56bfc062723c751e8b465ee728b)  -> (artifact id: 'dac07b82d7390fb4b5516b8cf1f2ea18') in 0.011949 seconds 
========================================================================
Received Import Request.
  Time since last request: 0.879260 seconds.
  path: Assets/Castel zone main folder/prefabs/decorations
  artifactKey: Guid(628527a477dca724a9e870e5d3ad3b9f) Importer(815301076,1909f56bfc062723c751e8b465ee728b)
Start importing Assets/Castel zone main folder/prefabs/decorations using Guid(628527a477dca724a9e870e5d3ad3b9f) Importer(815301076,1909f56bfc062723c751e8b465ee728b)  -> (artifact id: '20490cf9801a93a3132247b3ca2194f0') in 0.014511 seconds 
========================================================================
Received Import Request.
  Time since last request: 41.765708 seconds.
  path: Assets/Castel zone main folder/prefabs/specials/candle_1.prefab
  artifactKey: Guid(c996903a78aeba24cb9906c138cd7c03) Importer(815301076,1909f56bfc062723c751e8b465ee728b)
Start importing Assets/Castel zone main folder/prefabs/specials/candle_1.prefab using Guid(c996903a78aeba24cb9906c138cd7c03) Importer(815301076,1909f56bfc062723c751e8b465ee728b)  -> (artifact id: 'de0588da45190b0bba394742df5cd172') in 0.026638 seconds 
========================================================================
Received Import Request.
  Time since last request: 0.000023 seconds.
  path: Assets/Castel zone main folder/prefabs/specials/pylon_1 (7).prefab
  artifactKey: Guid(cf384f0d2ce565b4eaf074a63f64ac39) Importer(815301076,1909f56bfc062723c751e8b465ee728b)
Start importing Assets/Castel zone main folder/prefabs/specials/pylon_1 (7).prefab using Guid(cf384f0d2ce565b4eaf074a63f64ac39) Importer(815301076,1909f56bfc062723c751e8b465ee728b)  -> (artifact id: '7e551e18fda1c42f9e131c6eeaee5fb5') in 0.037244 seconds 
========================================================================
Received Import Request.
  Time since last request: 0.000025 seconds.
  path: Assets/Castel zone main folder/prefabs/specials/fire_cup_base.prefab
  artifactKey: Guid(9be0fc43ef0dab943b5c07e2c9725047) Importer(815301076,1909f56bfc062723c751e8b465ee728b)
Start importing Assets/Castel zone main folder/prefabs/specials/fire_cup_base.prefab using Guid(9be0fc43ef0dab943b5c07e2c9725047) Importer(815301076,1909f56bfc062723c751e8b465ee728b)  -> (artifact id: '4ed25edffb3019c3cdc2383ae3a6a7e5') in 0.029824 seconds 
========================================================================
Received Import Request.
  Time since last request: 484.825736 seconds.
  path: Assets/Castel zone main folder/Zombie/Materials
  artifactKey: Guid(8788e5bbc8e9a6343979255ce0979a0c) Importer(815301076,1909f56bfc062723c751e8b465ee728b)
Start importing Assets/Castel zone main folder/Zombie/Materials using Guid(8788e5bbc8e9a6343979255ce0979a0c) Importer(815301076,1909f56bfc062723c751e8b465ee728b)  -> (artifact id: 'caaaef5356af114edffcce52d42e1312') in 0.016034 seconds 
========================================================================
Received Import Request.
  Time since last request: 0.361410 seconds.
  path: Assets/Castel zone main folder/Zombie/Prefabs
  artifactKey: Guid(62092c25312055548a5b415184883759) Importer(815301076,1909f56bfc062723c751e8b465ee728b)
Start importing Assets/Castel zone main folder/Zombie/Prefabs using Guid(62092c25312055548a5b415184883759) Importer(815301076,1909f56bfc062723c751e8b465ee728b)  -> (artifact id: 'e6799e67b6458fd8802e0645075f9819') in 0.012631 seconds 
========================================================================
Received Import Request.
  Time since last request: 1.013031 seconds.
  path: Assets/Castel zone main folder/Zombie/ScenePrefabs.unity
  artifactKey: Guid(51c2b7bc917069942a0ac4a10bcabf01) Importer(815301076,1909f56bfc062723c751e8b465ee728b)
Start importing Assets/Castel zone main folder/Zombie/ScenePrefabs.unity using Guid(51c2b7bc917069942a0ac4a10bcabf01) Importer(815301076,1909f56bfc062723c751e8b465ee728b)  -> (artifact id: '3aab85957acb78cc26bcebdb4e680a83') in 0.012521 seconds 
========================================================================
Received Prepare
Registering precompiled user dll's ...
Registered in 0.007411 seconds.
Begin MonoManager ReloadAssembly
Symbol file LoadedFromMemory doesn't match image C:\Users\Admin\Castles zone\Library\PackageCache\com.unity.visualscripting@1.8.0\Editor\VisualScripting.Core\Dependencies\YamlDotNet\Unity.VisualScripting.YamlDotNet.dll
Symbol file LoadedFromMemory doesn't match image C:\Users\Admin\Castles zone\Library\PackageCache\com.unity.visualscripting@1.8.0\Editor\VisualScripting.Core\Dependencies\DotNetZip\Unity.VisualScripting.IonicZip.dll
Native extension for WindowsStandalone target not found
Refreshing native plugins compatible for Editor in 0.98 ms, found 3 plugins.
Preloading 0 native plugins for Editor in 0.00 ms.
Mono: successfully reloaded assembly
- Completed reload, in  1.680 seconds
Domain Reload Profiling:
	ReloadAssembly (1681ms)
		BeginReloadAssembly (187ms)
			ExecutionOrderSort (0ms)
			DisableScriptedObjects (6ms)
			BackupInstance (0ms)
			ReleaseScriptingObjects (0ms)
			CreateAndSetChildDomain (53ms)
		EndReloadAssembly (1360ms)
			LoadAssemblies (123ms)
			RebuildTransferFunctionScriptingTraits (0ms)
			SetupTypeCache (496ms)
			ReleaseScriptCaches (2ms)
			RebuildScriptCaches (78ms)
			SetupLoadedEditorAssemblies (553ms)
				LogAssemblyErrors (0ms)
				InitializePlatformSupportModulesInManaged (29ms)
				SetLoadedEditorAssemblies (1ms)
				RefreshPlugins (1ms)
				BeforeProcessingInitializeOnLoad (123ms)
				ProcessInitializeOnLoadAttributes (346ms)
				ProcessInitializeOnLoadMethodAttributes (37ms)
				AfterProcessingInitializeOnLoad (15ms)
				EditorAssembliesLoaded (0ms)
			ExecutionOrderSort2 (0ms)
			AwakeInstancesAfterBackupRestoration (12ms)
Platform modules already initialized, skipping
Refreshing native plugins compatible for Editor in 3.27 ms, found 3 plugins.
Preloading 0 native plugins for Editor in 0.00 ms.
Unloading 3043 Unused Serialized files (Serialized files now loaded: 0)
Unloading 17 unused Assets / (80.4 KB). Loaded Objects now: 3561.
Memory consumption went from 112.3 MB to 112.2 MB.
Total: 4.368700 ms (FindLiveObjects: 0.349100 ms CreateObjectMapping: 0.209800 ms MarkObjects: 3.693600 ms  DeleteObjects: 0.114700 ms)

AssetImportParameters requested are different than current active one (requested -> active):
  custom:video-decoder-ogg-theora: a1e56fd34408186e4bbccfd4996cb3dc -> 
  custom:container-muxer-webm: aa71ff27fc2769a1b78a27578f13a17b -> 
  custom:container-demuxer-webm: 4f35f7cbe854078d1ac9338744f61a02 -> 
  custom:video-encoder-webm-vp8: eb34c28f22e8b96e1ab97ce403110664 -> 
  custom:audio-encoder-webm-vorbis: bf7c407c2cedff20999df2af8eb42d56 -> 
  custom:framework-win-MediaFoundation: 216162199b28c13a410421893ffa2e32 -> 
  custom:container-demuxer-ogg: 62fdf1f143b41e24485cea50d1cbac27 -> 
  custom:video-decoder-webm-vp8: 9c59270c3fd7afecdb556c50c9e8de78 -> 
  custom:audio-decoder-ogg-vorbis: bf7c407c2cedff20999df2af8eb42d56 -> 
========================================================================
Received Import Request.
  Time since last request: 29.363141 seconds.
  path: Assets/Castel zone main folder/M3Scene.unity
  artifactKey: Guid(8027baa16f6bef740bee936427cff511) Importer(815301076,1909f56bfc062723c751e8b465ee728b)
Start importing Assets/Castel zone main folder/M3Scene.unity using Guid(8027baa16f6bef740bee936427cff511) Importer(815301076,1909f56bfc062723c751e8b465ee728b)  -> (artifact id: '7dde8bda3f15942f6379149a23813b51') in 0.009207 seconds 
========================================================================
Received Import Request.
  Time since last request: 730.987097 seconds.
  path: Assets/ChestFree/chest_close.FBX
  artifactKey: Guid(4b1205a7235860c479fc94aefe26ebf1) Importer(815301076,1909f56bfc062723c751e8b465ee728b)
Start importing Assets/ChestFree/chest_close.FBX using Guid(4b1205a7235860c479fc94aefe26ebf1) Importer(815301076,1909f56bfc062723c751e8b465ee728b)  -> (artifact id: 'ad54c4a5b4a3b0d052d26a5d80adf222') in 0.367952 seconds 
========================================================================
Received Import Request.
  Time since last request: 0.000034 seconds.
  path: Assets/ChestFree/coins.prefab
  artifactKey: Guid(c92fdeb990439954893510a31e925383) Importer(815301076,1909f56bfc062723c751e8b465ee728b)
Start importing Assets/ChestFree/coins.prefab using Guid(c92fdeb990439954893510a31e925383) Importer(815301076,1909f56bfc062723c751e8b465ee728b)  -> (artifact id: '1ac534b2eba9b09e4f3186cd526007fc') in 0.019314 seconds 
========================================================================
Received Import Request.
  Time since last request: 0.000038 seconds.
  path: Assets/ChestFree/chest_open.prefab
  artifactKey: Guid(e097dc1b761606040a141ca558e64088) Importer(815301076,1909f56bfc062723c751e8b465ee728b)
Start importing Assets/ChestFree/chest_open.prefab using Guid(e097dc1b761606040a141ca558e64088) Importer(815301076,1909f56bfc062723c751e8b465ee728b)  -> (artifact id: '86fde502250c8310792c5275a245ce8d') in 0.020555 seconds 
========================================================================
Received Import Request.
  Time since last request: 39.550595 seconds.
  path: Assets/ChestFree/Materials
  artifactKey: Guid(293d7a0a8c42c81498410e582685cbc3) Importer(815301076,1909f56bfc062723c751e8b465ee728b)
Start importing Assets/ChestFree/Materials using Guid(293d7a0a8c42c81498410e582685cbc3) Importer(815301076,1909f56bfc062723c751e8b465ee728b)  -> (artifact id: 'c5e96e89b2dbc88253fb65b952f33459') in 0.014500 seconds 
========================================================================
Received Import Request.
  Time since last request: 0.166475 seconds.
  path: Assets/ChestFree/Materials/chest_simple.mat
  artifactKey: Guid(64ae43b6b6e887545ad0a92b6b491ec8) Importer(815301076,1909f56bfc062723c751e8b465ee728b)
Start importing Assets/ChestFree/Materials/chest_simple.mat using Guid(64ae43b6b6e887545ad0a92b6b491ec8) Importer(815301076,1909f56bfc062723c751e8b465ee728b)  -> (artifact id: '5d48731ad214b79dcfcad64fa5bebaf9') in 0.033384 seconds 
========================================================================
Received Import Request.
  Time since last request: 2.278915 seconds.
  path: Assets/ChestFree/Textures
  artifactKey: Guid(c9aa4f16df5e51f469e95bd79b96b508) Importer(815301076,1909f56bfc062723c751e8b465ee728b)
Start importing Assets/ChestFree/Textures using Guid(c9aa4f16df5e51f469e95bd79b96b508) Importer(815301076,1909f56bfc062723c751e8b465ee728b)  -> (artifact id: '1cff20d5ebc3df887c3a79bd328ebe32') in 0.013796 seconds 
========================================================================
Received Import Request.
  Time since last request: 0.260719 seconds.
  path: Assets/ChestFree/Textures/chest_simple.png
  artifactKey: Guid(6015de6afd23724418bea7b6b206073b) Importer(815301076,1909f56bfc062723c751e8b465ee728b)
Start importing Assets/ChestFree/Textures/chest_simple.png using Guid(6015de6afd23724418bea7b6b206073b) Importer(815301076,1909f56bfc062723c751e8b465ee728b)  -> (artifact id: '8f74c2b255789cdaecc0d8fbc8499c6a') in 0.023201 seconds 
========================================================================
Received Import Request.
  Time since last request: 4.997335 seconds.
  path: Assets/ChestFree/ChestFreeScene.unity
  artifactKey: Guid(5be627b8098e679478fdafa05346a88f) Importer(815301076,1909f56bfc062723c751e8b465ee728b)
Start importing Assets/ChestFree/ChestFreeScene.unity using Guid(5be627b8098e679478fdafa05346a88f) Importer(815301076,1909f56bfc062723c751e8b465ee728b)  -> (artifact id: 'ef0394225792c59870243cf4ecb96317') in 0.013840 seconds 
========================================================================
Received Import Request.
  Time since last request: 32.871117 seconds.
  path: Assets/Castel zone main folder/M3Scene.unity
  artifactKey: Guid(8027baa16f6bef740bee936427cff511) Importer(815301076,1909f56bfc062723c751e8b465ee728b)
Start importing Assets/Castel zone main folder/M3Scene.unity using Guid(8027baa16f6bef740bee936427cff511) Importer(815301076,1909f56bfc062723c751e8b465ee728b)  -> (artifact id: '88b348a07bc955036f0ac48122b5e22c') in 0.003636 seconds 
========================================================================
Received Prepare
Registering precompiled user dll's ...
Registered in 0.007169 seconds.
Begin MonoManager ReloadAssembly
Symbol file LoadedFromMemory doesn't match image C:\Users\Admin\Castles zone\Library\PackageCache\com.unity.visualscripting@1.8.0\Editor\VisualScripting.Core\Dependencies\YamlDotNet\Unity.VisualScripting.YamlDotNet.dll
Symbol file LoadedFromMemory doesn't match image C:\Users\Admin\Castles zone\Library\PackageCache\com.unity.visualscripting@1.8.0\Editor\VisualScripting.Core\Dependencies\DotNetZip\Unity.VisualScripting.IonicZip.dll
Native extension for WindowsStandalone target not found
Refreshing native plugins compatible for Editor in 0.57 ms, found 3 plugins.
Preloading 0 native plugins for Editor in 0.00 ms.
Mono: successfully reloaded assembly
- Completed reload, in  1.815 seconds
Domain Reload Profiling:
	ReloadAssembly (1817ms)
		BeginReloadAssembly (196ms)
			ExecutionOrderSort (0ms)
			DisableScriptedObjects (5ms)
			BackupInstance (0ms)
			ReleaseScriptingObjects (0ms)
			CreateAndSetChildDomain (57ms)
		EndReloadAssembly (1472ms)
			LoadAssemblies (118ms)
			RebuildTransferFunctionScriptingTraits (0ms)
			SetupTypeCache (466ms)
			ReleaseScriptCaches (2ms)
			RebuildScriptCaches (111ms)
			SetupLoadedEditorAssemblies (668ms)
				LogAssemblyErrors (0ms)
				InitializePlatformSupportModulesInManaged (21ms)
				SetLoadedEditorAssemblies (1ms)
				RefreshPlugins (1ms)
				BeforeProcessingInitializeOnLoad (124ms)
				ProcessInitializeOnLoadAttributes (440ms)
				ProcessInitializeOnLoadMethodAttributes (59ms)
				AfterProcessingInitializeOnLoad (22ms)
				EditorAssembliesLoaded (0ms)
			ExecutionOrderSort2 (0ms)
			AwakeInstancesAfterBackupRestoration (15ms)
Platform modules already initialized, skipping
Refreshing native plugins compatible for Editor in 3.54 ms, found 3 plugins.
Preloading 0 native plugins for Editor in 0.00 ms.
Unloading 3043 Unused Serialized files (Serialized files now loaded: 0)
Unloading 17 unused Assets / (80.3 KB). Loaded Objects now: 3565.
Memory consumption went from 112.7 MB to 112.6 MB.
Total: 6.138600 ms (FindLiveObjects: 0.480000 ms CreateObjectMapping: 0.449500 ms MarkObjects: 5.035000 ms  DeleteObjects: 0.172700 ms)

AssetImportParameters requested are different than current active one (requested -> active):
  custom:video-decoder-ogg-theora: a1e56fd34408186e4bbccfd4996cb3dc -> 
  custom:container-muxer-webm: aa71ff27fc2769a1b78a27578f13a17b -> 
  custom:container-demuxer-webm: 4f35f7cbe854078d1ac9338744f61a02 -> 
  custom:video-encoder-webm-vp8: eb34c28f22e8b96e1ab97ce403110664 -> 
  custom:audio-encoder-webm-vorbis: bf7c407c2cedff20999df2af8eb42d56 -> 
  custom:framework-win-MediaFoundation: 216162199b28c13a410421893ffa2e32 -> 
  custom:container-demuxer-ogg: 62fdf1f143b41e24485cea50d1cbac27 -> 
  custom:video-decoder-webm-vp8: 9c59270c3fd7afecdb556c50c9e8de78 -> 
  custom:audio-decoder-ogg-vorbis: bf7c407c2cedff20999df2af8eb42d56 -> 
========================================================================
Received Import Request.
  Time since last request: 366.943756 seconds.
  path: Assets/Castle zone main folder/Module enemy
  artifactKey: Guid(fc439c4edbc257046a23bb2922b7bfca) Importer(815301076,1909f56bfc062723c751e8b465ee728b)
Start importing Assets/Castle zone main folder/Module enemy using Guid(fc439c4edbc257046a23bb2922b7bfca) Importer(815301076,1909f56bfc062723c751e8b465ee728b)  -> (artifact id: '64c64cc5fdb662c6c39f707dfc4e5448') in 0.020507 seconds 
========================================================================
Received Import Request.
  Time since last request: 16.551447 seconds.
  path: Assets/Castle zone main folder/prefabs dungon/ChestFree
  artifactKey: Guid(a5b6a64553b658a4ca5800cf7f30cfef) Importer(815301076,1909f56bfc062723c751e8b465ee728b)
Start importing Assets/Castle zone main folder/prefabs dungon/ChestFree using Guid(a5b6a64553b658a4ca5800cf7f30cfef) Importer(815301076,1909f56bfc062723c751e8b465ee728b)  -> (artifact id: '390e449b8efd89a70fbdace6492249f6') in 0.015703 seconds 
========================================================================
Received Import Request.
  Time since last request: 1.352452 seconds.
  path: Assets/Castle zone main folder/prefabs dungon/decorations/candle_1.prefab
  artifactKey: Guid(63fe838a00d2c564ab656774a6831ca8) Importer(815301076,1909f56bfc062723c751e8b465ee728b)
Start importing Assets/Castle zone main folder/prefabs dungon/decorations/candle_1.prefab using Guid(63fe838a00d2c564ab656774a6831ca8) Importer(815301076,1909f56bfc062723c751e8b465ee728b)  -> (artifact id: '74edba6f7f72484f3d2419874eda873f') in 0.033921 seconds 
========================================================================
Received Import Request.
  Time since last request: 0.000027 seconds.
  path: Assets/Castle zone main folder/prefabs dungon/decorations/vase_1.prefab
  artifactKey: Guid(2585150f9874d874a8a49784f3b91b0d) Importer(815301076,1909f56bfc062723c751e8b465ee728b)
Start importing Assets/Castle zone main folder/prefabs dungon/decorations/vase_1.prefab using Guid(2585150f9874d874a8a49784f3b91b0d) Importer(815301076,1909f56bfc062723c751e8b465ee728b)  -> (artifact id: '2f57f51918c55809b678090197cf1810') in 0.006068 seconds 
========================================================================
Received Import Request.
  Time since last request: 0.000037 seconds.
  path: Assets/Castle zone main folder/prefabs dungon/decorations/fire_cup_1.prefab
  artifactKey: Guid(994639c8f88d6a1448fb2ac40fe22ce4) Importer(815301076,1909f56bfc062723c751e8b465ee728b)
Start importing Assets/Castle zone main folder/prefabs dungon/decorations/fire_cup_1.prefab using Guid(994639c8f88d6a1448fb2ac40fe22ce4) Importer(815301076,1909f56bfc062723c751e8b465ee728b)  -> (artifact id: '9a8df4b064e5d449093703f65c1fbdfc') in 0.015765 seconds 
========================================================================
Received Import Request.
  Time since last request: 0.000038 seconds.
  path: Assets/Castle zone main folder/prefabs dungon/decorations/fire_cup_base.prefab
  artifactKey: Guid(42cb403d8c1fc544c99a63edfa93463e) Importer(815301076,1909f56bfc062723c751e8b465ee728b)
Start importing Assets/Castle zone main folder/prefabs dungon/decorations/fire_cup_base.prefab using Guid(42cb403d8c1fc544c99a63edfa93463e) Importer(815301076,1909f56bfc062723c751e8b465ee728b)  -> (artifact id: '3873ca71151c021df5a661fd31e3880e') in 0.005850 seconds 
========================================================================
Received Import Request.
  Time since last request: 0.000059 seconds.
  path: Assets/Castle zone main folder/prefabs dungon/decorations/chest_base.prefab
  artifactKey: Guid(09c12bbc62e3ed148859f20022ea163d) Importer(815301076,1909f56bfc062723c751e8b465ee728b)
Start importing Assets/Castle zone main folder/prefabs dungon/decorations/chest_base.prefab using Guid(09c12bbc62e3ed148859f20022ea163d) Importer(815301076,1909f56bfc062723c751e8b465ee728b)  -> (artifact id: 'cab244123274bfdde1c72c4b22de28ff') in 0.005555 seconds 
========================================================================
Received Import Request.
  Time since last request: 0.212399 seconds.
  path: Assets/Castle zone main folder/prefabs dungon/ground_stairs/ground-1-1.prefab
  artifactKey: Guid(958c539e6f5b3da4e988c157ff999d76) Importer(815301076,1909f56bfc062723c751e8b465ee728b)
Start importing Assets/Castle zone main folder/prefabs dungon/ground_stairs/ground-1-1.prefab using Guid(958c539e6f5b3da4e988c157ff999d76) Importer(815301076,1909f56bfc062723c751e8b465ee728b)  -> (artifact id: '74ba398f9d2e834280d44a0b98f67916') in 0.013136 seconds 
========================================================================
Received Import Request.
  Time since last request: 0.000033 seconds.
  path: Assets/Castle zone main folder/prefabs dungon/ground_stairs/ground_9.prefab
  artifactKey: Guid(3ebb497a37e800f44b597338c52813bc) Importer(815301076,1909f56bfc062723c751e8b465ee728b)
Start importing Assets/Castle zone main folder/prefabs dungon/ground_stairs/ground_9.prefab using Guid(3ebb497a37e800f44b597338c52813bc) Importer(815301076,1909f56bfc062723c751e8b465ee728b)  -> (artifact id: '359638ae3fe34588c1df1569641e393d') in 0.006138 seconds 
========================================================================
Received Import Request.
  Time since last request: 0.000022 seconds.
  path: Assets/Castle zone main folder/prefabs dungon/ground_stairs/ground_15.prefab
  artifactKey: Guid(88871cb3fdd18c84998c33a8d9408d16) Importer(815301076,1909f56bfc062723c751e8b465ee728b)
Start importing Assets/Castle zone main folder/prefabs dungon/ground_stairs/ground_15.prefab using Guid(88871cb3fdd18c84998c33a8d9408d16) Importer(815301076,1909f56bfc062723c751e8b465ee728b)  -> (artifact id: '65fbd082b12d9a448581ac216e5c09d5') in 0.014506 seconds 
========================================================================
Received Import Request.
  Time since last request: 0.000029 seconds.
  path: Assets/Castle zone main folder/prefabs dungon/ground_stairs/ground-2_corner.prefab
  artifactKey: Guid(09a02935dd575a4448deb91ce0185c2b) Importer(815301076,1909f56bfc062723c751e8b465ee728b)
Start importing Assets/Castle zone main folder/prefabs dungon/ground_stairs/ground-2_corner.prefab using Guid(09a02935dd575a4448deb91ce0185c2b) Importer(815301076,1909f56bfc062723c751e8b465ee728b)  -> (artifact id: '311682ff8b01a1529e00556e12ef5baf') in 0.005652 seconds 
========================================================================
Received Import Request.
  Time since last request: 0.000039 seconds.
  path: Assets/Castle zone main folder/prefabs dungon/ground_stairs/ground-2.prefab
  artifactKey: Guid(03522bb5dd98b2b49b21ea6c9516b2d3) Importer(815301076,1909f56bfc062723c751e8b465ee728b)
Start importing Assets/Castle zone main folder/prefabs dungon/ground_stairs/ground-2.prefab using Guid(03522bb5dd98b2b49b21ea6c9516b2d3) Importer(815301076,1909f56bfc062723c751e8b465ee728b)  -> (artifact id: '9f3f2612329f067fbd54fbf7d4b76455') in 0.013546 seconds 
========================================================================
Received Import Request.
  Time since last request: 0.000030 seconds.
  path: Assets/Castle zone main folder/prefabs dungon/ground_stairs/ground_1.prefab
  artifactKey: Guid(94cdfadae0c50374cbc28325b389c1f7) Importer(815301076,1909f56bfc062723c751e8b465ee728b)
Start importing Assets/Castle zone main folder/prefabs dungon/ground_stairs/ground_1.prefab using Guid(94cdfadae0c50374cbc28325b389c1f7) Importer(815301076,1909f56bfc062723c751e8b465ee728b)  -> (artifact id: '0b63aef85e5185a98b39297975589740') in 0.005595 seconds 
========================================================================
Received Import Request.
  Time since last request: 0.000021 seconds.
  path: Assets/Castle zone main folder/prefabs dungon/ground_stairs/ground_5.prefab
  artifactKey: Guid(0852dbaca3364ee45822445ddce3beec) Importer(815301076,1909f56bfc062723c751e8b465ee728b)
Start importing Assets/Castle zone main folder/prefabs dungon/ground_stairs/ground_5.prefab using Guid(0852dbaca3364ee45822445ddce3beec) Importer(815301076,1909f56bfc062723c751e8b465ee728b)  -> (artifact id: '7d0cd2b0d61a0b9707fd531fd1d1bf2c') in 0.005320 seconds 
========================================================================
Received Import Request.
  Time since last request: 0.000030 seconds.
  path: Assets/Castle zone main folder/prefabs dungon/ground_stairs/stairs_1.prefab
  artifactKey: Guid(29748466972c61f4e8a122c9c839603b) Importer(815301076,1909f56bfc062723c751e8b465ee728b)
Start importing Assets/Castle zone main folder/prefabs dungon/ground_stairs/stairs_1.prefab using Guid(29748466972c61f4e8a122c9c839603b) Importer(815301076,1909f56bfc062723c751e8b465ee728b)  -> (artifact id: 'b732e927b8753b03457dc3b41d091967') in 0.005140 seconds 
========================================================================
Received Import Request.
  Time since last request: 0.000034 seconds.
  path: Assets/Castle zone main folder/prefabs dungon/ground_stairs/ground_2.prefab
  artifactKey: Guid(078375d89d068ff43b690e53ac911589) Importer(815301076,1909f56bfc062723c751e8b465ee728b)
Start importing Assets/Castle zone main folder/prefabs dungon/ground_stairs/ground_2.prefab using Guid(078375d89d068ff43b690e53ac911589) Importer(815301076,1909f56bfc062723c751e8b465ee728b)  -> (artifact id: '090ae4e04cf897b7c375737cea4d0121') in 0.005502 seconds 
========================================================================
Received Import Request.
  Time since last request: 0.000023 seconds.
  path: Assets/Castle zone main folder/prefabs dungon/ground_stairs/ground_3.prefab
  artifactKey: Guid(57160797b6580ef4d82bf06829b51f81) Importer(815301076,1909f56bfc062723c751e8b465ee728b)
Start importing Assets/Castle zone main folder/prefabs dungon/ground_stairs/ground_3.prefab using Guid(57160797b6580ef4d82bf06829b51f81) Importer(815301076,1909f56bfc062723c751e8b465ee728b)  -> (artifact id: '41cef281d463206275090267ec92f34a') in 0.013373 seconds 
========================================================================
Received Import Request.
  Time since last request: 0.000035 seconds.
  path: Assets/Castle zone main folder/prefabs dungon/ground_stairs/ground_11.prefab
  artifactKey: Guid(ac4a1a6f99e8e4b4f95b075c1bad951e) Importer(815301076,1909f56bfc062723c751e8b465ee728b)
Start importing Assets/Castle zone main folder/prefabs dungon/ground_stairs/ground_11.prefab using Guid(ac4a1a6f99e8e4b4f95b075c1bad951e) Importer(815301076,1909f56bfc062723c751e8b465ee728b)  -> (artifact id: '8fc424b8eed0108be726bc462c0674c4') in 0.005535 seconds 
========================================================================
Received Import Request.
  Time since last request: 0.439789 seconds.
  path: Assets/Castle zone main folder/prefabs dungon/specials/candle_1.prefab
  artifactKey: Guid(c996903a78aeba24cb9906c138cd7c03) Importer(815301076,1909f56bfc062723c751e8b465ee728b)
Start importing Assets/Castle zone main folder/prefabs dungon/specials/candle_1.prefab using Guid(c996903a78aeba24cb9906c138cd7c03) Importer(815301076,1909f56bfc062723c751e8b465ee728b)  -> (artifact id: '20c880f96483e2c653c7d332ef6ff613') in 0.056223 seconds 
========================================================================
Received Import Request.
  Time since last request: 0.000029 seconds.
  path: Assets/Castle zone main folder/prefabs dungon/specials/pylon_1 (7).prefab
  artifactKey: Guid(cf384f0d2ce565b4eaf074a63f64ac39) Importer(815301076,1909f56bfc062723c751e8b465ee728b)
Start importing Assets/Castle zone main folder/prefabs dungon/specials/pylon_1 (7).prefab using Guid(cf384f0d2ce565b4eaf074a63f64ac39) Importer(815301076,1909f56bfc062723c751e8b465ee728b)  -> (artifact id: '7dab41ec543435400189ddcf019627b2') in 0.024262 seconds 
========================================================================
Received Import Request.
  Time since last request: 0.000023 seconds.
  path: Assets/Castle zone main folder/prefabs dungon/specials/table.prefab
  artifactKey: Guid(1e6ac13f467c9bd4e81c7570f5427429) Importer(815301076,1909f56bfc062723c751e8b465ee728b)
Start importing Assets/Castle zone main folder/prefabs dungon/specials/table.prefab using Guid(1e6ac13f467c9bd4e81c7570f5427429) Importer(815301076,1909f56bfc062723c751e8b465ee728b)  -> (artifact id: 'efb7b47834c4a64e4ce30a554e08bc03') in 0.026433 seconds 
========================================================================
Received Import Request.
  Time since last request: 78.683407 seconds.
  path: Assets/Castle zone main folder/prefabs dungon/Triple Dungeon Pack/Blue Dungeon/fire cup.controller
  artifactKey: Guid(8f016a1ab19886044af1a45d215398ef) Importer(815301076,1909f56bfc062723c751e8b465ee728b)
Start importing Assets/Castle zone main folder/prefabs dungon/Triple Dungeon Pack/Blue Dungeon/fire cup.controller using Guid(8f016a1ab19886044af1a45d215398ef) Importer(815301076,1909f56bfc062723c751e8b465ee728b)  -> (artifact id: '60da380a687d5981e84283fcd7db78a7') in 0.017194 seconds 
========================================================================
Received Import Request.
  Time since last request: 0.352129 seconds.
  path: Assets/Castle zone main folder/prefabs dungon/Triple Dungeon Pack/Blue Dungeon/idleFireCup.anim
  artifactKey: Guid(e225475b17899734f89d7ed2d9863e7b) Importer(815301076,1909f56bfc062723c751e8b465ee728b)
Start importing Assets/Castle zone main folder/prefabs dungon/Triple Dungeon Pack/Blue Dungeon/idleFireCup.anim using Guid(e225475b17899734f89d7ed2d9863e7b) Importer(815301076,1909f56bfc062723c751e8b465ee728b)  -> (artifact id: '05114247c3dfb7ffc30916c3cd1e7937') in 0.012970 seconds 
